<?xml version="1.0" encoding="UTF-8"?>
<!-- Generated by org.testng.reporters.JUnitXMLReporter -->
<testsuite ignored="0" hostname="GBLEEF0NB101X95" failures="0" tests="6" name="Default test" time="4.163" errors="0" timestamp="2023-01-27T14:52:51 GMT">
  <testcase classname="restAssured_Scripts.DynamicJson" name="dynamicAddJson" time="2.316"/>
  <testcase classname="restAssured_Scripts.DynamicJson" name="dynamicAddJson" time="0.389"/>
  <testcase classname="restAssured_Scripts.DynamicJson" name="dynamicAddJson" time="0.408"/>
  <testcase classname="restAssured_Scripts.DynamicJson" name="dynamicDeleteJson" time="0.334"/>
  <testcase classname="restAssured_Scripts.DynamicJson" name="dynamicDeleteJson" time="0.316"/>
  <testcase classname="restAssured_Scripts.DynamicJson" name="dynamicDeleteJson" time="0.344"/>
</testsuite> <!-- Default test -->
