<?xml version="1.0" encoding="UTF-8"?>
<testng-results ignored="0" total="1" passed="1" failed="0" skipped="0">
  <reporter-output>
  </reporter-output>
  <suite started-at="2023-02-01T12:40:24 GMT" name="Default suite" finished-at="2023-02-01T12:40:25 GMT" duration-ms="1747">
    <groups>
    </groups>
    <test started-at="2023-02-01T12:40:24 GMT" name="Default test" finished-at="2023-02-01T12:40:25 GMT" duration-ms="1747">
      <class name="restAssured_Scripts.JIRAServerAPI">
        <test-method signature="cookieAuthentication()[pri:0, instance:restAssured_Scripts.JIRAServerAPI@4bb33f74]" started-at="2023-02-01T12:40:24 GMT" name="cookieAuthentication" finished-at="2023-02-01T12:40:25 GMT" duration-ms="1701" status="PASS">
          <reporter-output>
          </reporter-output>
        </test-method> <!-- cookieAuthentication -->
      </class> <!-- restAssured_Scripts.JIRAServerAPI -->
    </test> <!-- Default test -->
  </suite> <!-- Default suite -->
</testng-results>
