<?xml version="1.0" encoding="UTF-8"?>
<testng-results ignored="0" total="6" passed="6" failed="0" skipped="0">
  <reporter-output>
  </reporter-output>
  <suite started-at="2023-01-27T14:52:46 GMT" name="Default suite" finished-at="2023-01-27T14:52:51 GMT" duration-ms="4163">
    <groups>
    </groups>
    <test started-at="2023-01-27T14:52:46 GMT" name="Default test" finished-at="2023-01-27T14:52:51 GMT" duration-ms="4163">
      <class name="restAssured_Scripts.DynamicJson">
        <test-method signature="dynamicAddJson(java.lang.String,java.lang.String)[pri:0, instance:restAssured_Scripts.DynamicJson@16a0ee18]" started-at="2023-01-27T14:52:47 GMT" name="dynamicAddJson" data-provider="BooksData" finished-at="2023-01-27T14:52:49 GMT" duration-ms="2316" status="PASS">
          <params>
            <param index="0">
              <value>
                <![CDATA[klno]]>
              </value>
            </param>
            <param index="1">
              <value>
                <![CDATA[857436]]>
              </value>
            </param>
          </params>
          <reporter-output>
          </reporter-output>
        </test-method> <!-- dynamicAddJson -->
        <test-method signature="dynamicAddJson(java.lang.String,java.lang.String)[pri:0, instance:restAssured_Scripts.DynamicJson@16a0ee18]" started-at="2023-01-27T14:52:49 GMT" name="dynamicAddJson" data-provider="BooksData" finished-at="2023-01-27T14:52:49 GMT" duration-ms="389" status="PASS">
          <params>
            <param index="0">
              <value>
                <![CDATA[juehf]]>
              </value>
            </param>
            <param index="1">
              <value>
                <![CDATA[654654]]>
              </value>
            </param>
          </params>
          <reporter-output>
          </reporter-output>
        </test-method> <!-- dynamicAddJson -->
        <test-method signature="dynamicAddJson(java.lang.String,java.lang.String)[pri:0, instance:restAssured_Scripts.DynamicJson@16a0ee18]" started-at="2023-01-27T14:52:49 GMT" name="dynamicAddJson" data-provider="BooksData" finished-at="2023-01-27T14:52:50 GMT" duration-ms="408" status="PASS">
          <params>
            <param index="0">
              <value>
                <![CDATA[gwgw]]>
              </value>
            </param>
            <param index="1">
              <value>
                <![CDATA[6418]]>
              </value>
            </param>
          </params>
          <reporter-output>
          </reporter-output>
        </test-method> <!-- dynamicAddJson -->
        <test-method signature="dynamicDeleteJson(java.lang.String,java.lang.String)[pri:0, instance:restAssured_Scripts.DynamicJson@16a0ee18]" started-at="2023-01-27T14:52:50 GMT" name="dynamicDeleteJson" data-provider="BooksData" finished-at="2023-01-27T14:52:50 GMT" duration-ms="334" status="PASS">
          <params>
            <param index="0">
              <value>
                <![CDATA[klno]]>
              </value>
            </param>
            <param index="1">
              <value>
                <![CDATA[857436]]>
              </value>
            </param>
          </params>
          <reporter-output>
          </reporter-output>
        </test-method> <!-- dynamicDeleteJson -->
        <test-method signature="dynamicDeleteJson(java.lang.String,java.lang.String)[pri:0, instance:restAssured_Scripts.DynamicJson@16a0ee18]" started-at="2023-01-27T14:52:50 GMT" name="dynamicDeleteJson" data-provider="BooksData" finished-at="2023-01-27T14:52:50 GMT" duration-ms="316" status="PASS">
          <params>
            <param index="0">
              <value>
                <![CDATA[juehf]]>
              </value>
            </param>
            <param index="1">
              <value>
                <![CDATA[654654]]>
              </value>
            </param>
          </params>
          <reporter-output>
          </reporter-output>
        </test-method> <!-- dynamicDeleteJson -->
        <test-method signature="dynamicDeleteJson(java.lang.String,java.lang.String)[pri:0, instance:restAssured_Scripts.DynamicJson@16a0ee18]" started-at="2023-01-27T14:52:50 GMT" name="dynamicDeleteJson" data-provider="BooksData" finished-at="2023-01-27T14:52:51 GMT" duration-ms="344" status="PASS">
          <params>
            <param index="0">
              <value>
                <![CDATA[gwgw]]>
              </value>
            </param>
            <param index="1">
              <value>
                <![CDATA[6418]]>
              </value>
            </param>
          </params>
          <reporter-output>
          </reporter-output>
        </test-method> <!-- dynamicDeleteJson -->
      </class> <!-- restAssured_Scripts.DynamicJson -->
    </test> <!-- Default test -->
  </suite> <!-- Default suite -->
</testng-results>
